2024-01-08 15:38:50,601 - INFO -STARING FASTAPI APP... 
2024-01-08 15:41:23,167 - INFO -STARING FASTAPI APP... 
2024-01-08 15:52:39,448 - INFO - STARING FASTAPI APP... 
2024-01-08 15:54:35,408 - INFO - STARING FASTAPI APP... 
2024-01-08 15:57:02,686 - INFO - STARING FASTAPI APP... 
2024-01-08 16:06:28,894 - INFO - STARING FASTAPI APP... 
2024-01-08 16:06:44,036 - INFO - STARING FASTAPI APP... 
2024-01-08 16:07:37,377 - INFO - STARING FASTAPI APP... 
2024-01-08 16:08:06,898 - INFO - A new POST request has been made from /user/home/signup with the following data 
<coroutine object Request.body at 0x000002AA737CC9E0> 
2024-01-08 16:08:07,387 - INFO - Signup request sent 
2024-01-08 16:08:07,400 - ERROR - the following error was thrown by the response <starlette.middleware.base._StreamingResponse object at 0x000002AA7380BB10>: 
'_StreamingResponse' object has no attribute 'body' 
2024-01-08 16:12:49,247 - INFO - STARING FASTAPI APP... 
2024-01-08 16:13:00,256 - INFO - A new POST request has been made from /user/home/signup with the following data 
{'username': 'sena1', 'password': 'sena1', 'email': 'bobby@55.com'} 
2024-01-08 16:13:00,689 - ERROR - the following error was thrown by the response <starlette.middleware.base._StreamingResponse object at 0x00000247B9BF8D50>: 
'_StreamingResponse' object has no attribute 'body' 
2024-01-08 16:14:34,976 - INFO - STARING FASTAPI APP... 
2024-01-08 16:15:15,359 - INFO - STARING FASTAPI APP... 
2024-01-08 16:15:59,873 - INFO - STARING FASTAPI APP... 
2024-01-08 16:16:01,625 - INFO - STARING FASTAPI APP... 
2024-01-08 16:16:09,991 - INFO - A new POST request has been made from /user/home/signup with the following data 
{'username': 'sena2', 'password': 'sena2', 'email': 'bobby@54.com'} 
2024-01-08 16:16:10,397 - INFO - A new response of status <starlette.middleware.base._StreamingResponse object at 0x000001ED76FD4D50> was generated with the following body <starlette.middleware.base._StreamingResponse object at 0x000001ED76FD4D50> 
2024-01-08 16:18:04,369 - INFO - STARING FASTAPI APP... 
2024-01-08 16:18:12,838 - INFO - A new POST request has been made from /user/home/signup with the following data 
{'username': 'sena3', 'password': 'sena3', 'email': 'bobby@53.com'} 
2024-01-08 16:18:13,235 - INFO - A new response of status 200 was generated with the following body <starlette.middleware.base._StreamingResponse object at 0x0000026B31094A10> 
2024-01-08 16:19:30,511 - INFO - STARING FASTAPI APP... 
2024-01-08 16:22:45,333 - INFO - STARING FASTAPI APP... 
2024-01-08 16:23:08,395 - INFO - A new POST request has been made from /user/home/signup with the following data 
{'username': 'sena4', 'password': 'sena4', 'email': 'bobby@52.com'} 
2024-01-08 16:23:08,803 - ERROR - the following error was thrown by the response <starlette.middleware.base._StreamingResponse object at 0x000001F90F905190>: 
'_StreamingResponse' object has no attribute 'body' 
2024-01-08 16:24:07,093 - INFO - STARING FASTAPI APP... 
2024-01-08 16:25:39,260 - INFO - STARING FASTAPI APP... 
2024-01-08 16:25:46,791 - INFO - A new POST request has been made from /user/home/signup with the following data 
{'username': 'sena4', 'password': 'sena4', 'email': 'bobby@52.com'} 
2024-01-08 16:25:57,473 - INFO - A new POST request has been made from /user/home/signup with the following data 
{'username': 'sena5', 'password': 'sena5', 'email': 'bobby@51.com'} 
2024-01-08 16:25:57,961 - ERROR - the following error was thrown by the response <starlette.middleware.base._StreamingResponse object at 0x00000199D2145790>: 
'_StreamingResponse' object has no attribute 'body' 
2024-01-08 16:26:03,916 - INFO - A new POST request has been made from /user/home/signup with the following data 
{'username': 'sena5', 'password': 'sena5', 'email': 'bobby@51.com'} 
2024-01-08 16:26:38,954 - INFO - A new POST request has been made from /user/home/signup with the following data 
{'username': 'sena6', 'password': 'sena6', 'email': 'bobby@50.com'} 
2024-01-08 16:26:39,353 - ERROR - the following error was thrown by the response <starlette.middleware.base._StreamingResponse object at 0x00000199D2168E50>: 
'_StreamingResponse' object has no attribute 'body' 
2024-01-08 16:28:08,736 - INFO - STARING FASTAPI APP... 
2024-01-08 16:30:52,400 - INFO - STARING FASTAPI APP... 
2024-01-08 16:31:03,245 - INFO - A new POST request has been made from /user/home/signup with the following data 
{'username': 'sena7', 'password': 'sena7', 'email': 'bobby@49.com'} 
2024-01-08 16:31:03,663 - INFO - A new response of status 200 was generated with the following body None 
2024-01-08 16:31:25,863 - INFO - STARING FASTAPI APP... 
2024-01-08 16:31:36,770 - INFO - A new POST request has been made from /user/home/signup with the following data 
{'username': 'sena8', 'password': 'sena8', 'email': 'bobby@48.com'} 
2024-01-08 16:31:37,446 - ERROR - the following error was thrown by the response <starlette.middleware.base._StreamingResponse object at 0x0000013C9DCB4CD0>: 
'_StreamingResponse' object has no attribute 'body' 
2024-01-08 16:31:46,228 - INFO - STARING FASTAPI APP... 
2024-01-08 16:31:53,824 - INFO - A new POST request has been made from /user/home/signup with the following data 
{'username': 'sena9', 'password': 'sena9', 'email': 'bobby@47.com'} 
2024-01-08 16:31:54,249 - ERROR - the following error was thrown by the response <starlette.middleware.base._StreamingResponse object at 0x0000027B70134A50>: 
'_StreamingResponse' object has no attribute 'body' 
2024-01-08 16:36:16,679 - INFO - STARING FASTAPI APP... 
2024-01-08 16:36:24,822 - INFO - A new POST request has been made from /user/home/signup with the following data 
{'username': 'sena10', 'password': 'sena10', 'email': 'bobby@46.com'} 
2024-01-08 16:36:25,283 - INFO - POST request from /user/home/signup succeeded with a status code of  200 
2024-01-08 16:36:46,124 - INFO - STARING FASTAPI APP... 
